GROUP,PACKAGE,CLASS,INSTRUCTION_MISSED,INSTRUCTION_COVERED,BRANCH_MISSED,BRANCH_COVERED,LINE_MISSED,LINE_COVERED,COMPLEXITY_MISSED,COMPLEXITY_COVERED,METHOD_MISSED,METHOD_COVERED
Chemistry Instruments,ua.lviv.iot.Chemistry_Instruments.managers,ChemistryInstrumentManagerImpl,71,50,0,4,15,20,2,7,2,5
Chemistry Instruments,ua.lviv.iot.Chemistry_Instruments.models,Tripod,55,3,0,0,15,2,8,1,8,1
Chemistry Instruments,ua.lviv.iot.Chemistry_Instruments.models,MeasuringCylinder,58,0,0,0,17,0,9,0,9,0
Chemistry Instruments,ua.lviv.iot.Chemistry_Instruments.models,TypeOfInstruments,0,34,0,0,0,2,0,1,0,1
Chemistry Instruments,ua.lviv.iot.Chemistry_Instruments.models,TypeOfPipette,24,0,0,0,2,0,1,0,1,0
Chemistry Instruments,ua.lviv.iot.Chemistry_Instruments.models,Pipette,40,3,0,0,11,2,6,1,6,1
Chemistry Instruments,ua.lviv.iot.Chemistry_Instruments.models,ChemistryInstrument,60,17,0,0,13,8,6,5,6,5
Chemistry Instruments,ua.lviv.iot.Chemistry_Instruments.models,Flask,57,3,0,0,15,2,8,1,8,1
